Copyright 1986-2019 Xilinx, Inc. All Rights Reserved.
-------------------------------------------------------------------------------------------------------------------------------------------------------------------
| Tool Version     : Vivado v.2019.1 (win64) Build 2552052 Fri May 24 14:49:42 MDT 2019
| Date             : Fri Nov 27 16:38:25 2020
| Host             : LAPTOP-BCHII1Q0 running 64-bit major release  (build 9200)
| Command          : report_power -file ecat_tb_wrapper_power_routed.rpt -pb ecat_tb_wrapper_power_summary_routed.pb -rpx ecat_tb_wrapper_power_routed.rpx
| Design           : ecat_tb_wrapper
| Device           : xc7z020clg400-2
| Design State     : routed
| Grade            : commercial
| Process          : typical
| Characterization : Production
-------------------------------------------------------------------------------------------------------------------------------------------------------------------

Power Report

Table of Contents
-----------------
1. Summary
1.1 On-Chip Components
1.2 Power Supply Summary
1.3 Confidence Level
2. Settings
2.1 Environment
2.2 Clock Constraints
3. Detailed Reports
3.1 By Hierarchy

1. Summary
----------

+--------------------------+--------------+
| Total On-Chip Power (W)  | 1.797        |
| Design Power Budget (W)  | Unspecified* |
| Power Budget Margin (W)  | NA           |
| Dynamic (W)              | 1.651        |
| Device Static (W)        | 0.145        |
| Effective TJA (C/W)      | 11.5         |
| Max Ambient (C)          | 64.3         |
| Junction Temperature (C) | 45.7         |
| Confidence Level         | Low          |
| Setting File             | ---          |
| Simulation Activity File | ---          |
| Design Nets Matched      | NA           |
+--------------------------+--------------+
* Specify Design Power Budget using, set_operating_conditions -design_power_budget <value in Watts>


1.1 On-Chip Components
----------------------

+--------------------------+-----------+----------+-----------+-----------------+
| On-Chip                  | Power (W) | Used     | Available | Utilization (%) |
+--------------------------+-----------+----------+-----------+-----------------+
| Clocks                   |     0.012 |       12 |       --- |             --- |
| Slice Logic              |     0.002 |    27015 |       --- |             --- |
|   LUT as Logic           |     0.002 |     9519 |     53200 |           17.89 |
|   Register               |    <0.001 |    12070 |    106400 |           11.34 |
|   CARRY4                 |    <0.001 |      554 |     13300 |            4.17 |
|   LUT as Distributed RAM |    <0.001 |      176 |     17400 |            1.01 |
|   LUT as Shift Register  |    <0.001 |      773 |     17400 |            4.44 |
|   F7/F8 Muxes            |    <0.001 |      213 |     53200 |            0.40 |
|   Others                 |     0.000 |     1467 |       --- |             --- |
| Signals                  |     0.003 |    20331 |       --- |             --- |
| Block RAM                |     0.003 |       11 |       140 |            7.86 |
| PLL                      |     0.096 |        1 |         4 |           25.00 |
| I/O                      |     0.006 |       16 |       125 |           12.80 |
| PS7                      |     1.528 |        1 |       --- |             --- |
| Static Power             |     0.145 |          |           |                 |
| Total                    |     1.797 |          |           |                 |
+--------------------------+-----------+----------+-----------+-----------------+


1.2 Power Supply Summary
------------------------

+-----------+-------------+-----------+-------------+------------+
| Source    | Voltage (V) | Total (A) | Dynamic (A) | Static (A) |
+-----------+-------------+-----------+-------------+------------+
| Vccint    |       1.000 |     0.044 |       0.028 |      0.016 |
| Vccaux    |       1.800 |     0.065 |       0.050 |      0.016 |
| Vcco33    |       3.300 |     0.003 |       0.002 |      0.001 |
| Vcco25    |       2.500 |     0.000 |       0.000 |      0.000 |
| Vcco18    |       1.800 |     0.000 |       0.000 |      0.000 |
| Vcco15    |       1.500 |     0.000 |       0.000 |      0.000 |
| Vcco135   |       1.350 |     0.000 |       0.000 |      0.000 |
| Vcco12    |       1.200 |     0.000 |       0.000 |      0.000 |
| Vccaux_io |       1.800 |     0.000 |       0.000 |      0.000 |
| Vccbram   |       1.000 |     0.002 |       0.000 |      0.002 |
| MGTAVcc   |       1.000 |     0.000 |       0.000 |      0.000 |
| MGTAVtt   |       1.200 |     0.000 |       0.000 |      0.000 |
| MGTVccaux |       1.800 |     0.000 |       0.000 |      0.000 |
| Vccpint   |       1.000 |     0.755 |       0.723 |      0.031 |
| Vccpaux   |       1.800 |     0.061 |       0.050 |      0.010 |
| Vccpll    |       1.800 |     0.019 |       0.016 |      0.003 |
| Vcco_ddr  |       1.500 |     0.459 |       0.457 |      0.002 |
| Vcco_mio0 |       1.800 |     0.000 |       0.000 |      0.000 |
| Vcco_mio1 |       1.800 |     0.001 |       0.000 |      0.001 |
| Vccadc    |       1.800 |     0.020 |       0.000 |      0.020 |
+-----------+-------------+-----------+-------------+------------+


1.3 Confidence Level
--------------------

+-----------------------------+------------+--------------------------------------------------------+------------------------------------------------------------------------------------------------------------+
| User Input Data             | Confidence | Details                                                | Action                                                                                                     |
+-----------------------------+------------+--------------------------------------------------------+------------------------------------------------------------------------------------------------------------+
| Design implementation state | High       | Design is routed                                       |                                                                                                            |
| Clock nodes activity        | High       | User specified more than 95% of clocks                 |                                                                                                            |
| I/O nodes activity          | Low        | More than 75% of inputs are missing user specification | Provide missing input activity with simulation results or by editing the "By Resource Type -> I/Os" view   |
| Internal nodes activity     | Medium     | User specified less than 25% of internal nodes         | Provide missing internal nodes activity with simulation results or by editing the "By Resource Type" views |
| Device models               | High       | Device models are Production                           |                                                                                                            |
|                             |            |                                                        |                                                                                                            |
| Overall confidence level    | Low        |                                                        |                                                                                                            |
+-----------------------------+------------+--------------------------------------------------------+------------------------------------------------------------------------------------------------------------+


2. Settings
-----------

2.1 Environment
---------------

+-----------------------+------------------------+
| Ambient Temp (C)      | 25.0                   |
| ThetaJA (C/W)         | 11.5                   |
| Airflow (LFM)         | 250                    |
| Heat Sink             | none                   |
| ThetaSA (C/W)         | 0.0                    |
| Board Selection       | medium (10"x10")       |
| # of Board Layers     | 8to11 (8 to 11 Layers) |
| Board Temperature (C) | 25.0                   |
+-----------------------+------------------------+


2.2 Clock Constraints
---------------------

+--------------------------------------------------------------------------------------------+----------------------------------------------------------------------+-----------------+
| Clock                                                                                      | Domain                                                               | Constraint (ns) |
+--------------------------------------------------------------------------------------------+----------------------------------------------------------------------+-----------------+
| clk_fpga_0                                                                                 | ecat_tb_i/processing_system7_0/inst/FCLK_CLK_unbuffered[0]           |            40.0 |
| clk_in1_0                                                                                  | clk_in1_0                                                            |            40.0 |
| clk_out1_ecat_tb_clk_wiz_0_0                                                               | ecat_tb_i/clk_wiz_0/inst/clk_out1_ecat_tb_clk_wiz_0_0                |            40.0 |
| clk_out1_ecat_tb_clk_wiz_0_0_1                                                             | ecat_tb_i/clk_wiz_0/inst/clk_out1_ecat_tb_clk_wiz_0_0                |            40.0 |
| clkfbout_ecat_tb_clk_wiz_0_0                                                               | ecat_tb_i/clk_wiz_0/inst/clkfbout_ecat_tb_clk_wiz_0_0                |            40.0 |
| clkfbout_ecat_tb_clk_wiz_0_0_1                                                             | ecat_tb_i/clk_wiz_0/inst/clkfbout_ecat_tb_clk_wiz_0_0                |            40.0 |
| dbg_hub/inst/BSCANID.u_xsdbm_id/SWITCH_N_EXT_BSCAN.bscan_inst/SERIES7_BSCAN.bscan_inst/TCK | dbg_hub/inst/BSCANID.u_xsdbm_id/SWITCH_N_EXT_BSCAN.bscan_inst/tck_bs |            33.0 |
| rv_clk                                                                                     | clk_in1_0                                                            |            40.0 |
+--------------------------------------------------------------------------------------------+----------------------------------------------------------------------+-----------------+


3. Detailed Reports
-------------------

3.1 By Hierarchy
----------------

+--------------------------+-----------+
| Name                     | Power (W) |
+--------------------------+-----------+
| ecat_tb_wrapper          |     1.651 |
|   dbg_hub                |     0.001 |
|     inst                 |     0.001 |
|       BSCANID.u_xsdbm_id |     0.001 |
|   ecat_tb_i              |     1.641 |
|     axi_ethernetlite_0   |     0.002 |
|       U0                 |     0.002 |
|     clk_wiz_0            |     0.097 |
|       inst               |     0.097 |
|     ecat_top_0           |     0.003 |
|       inst               |     0.003 |
|     ila_0                |     0.006 |
|       inst               |     0.006 |
|     processing_system7_0 |     1.528 |
|       inst               |     1.528 |
|     ps7_0_axi_periph     |     0.004 |
|       m02_couplers       |     0.001 |
|   u_ila_0                |     0.003 |
|     inst                 |     0.003 |
|       ila_core_inst      |     0.003 |
+--------------------------+-----------+


